\_ .
    \_ Cargo.toml
    \_ .fingerprint
        \_ libc-4b8a5dd3e3cd3ef0
            \_ lib-libc
            \_ dep-lib-libc
            \_ invoked.timestamp
            \_ lib-libc.json
        \_ lib-libc
        \_ dep-lib-libc
        \_ invoked.timestamp
        \_ lib-libc.json
        \_ strsim-d6cb954b29757cae
            \_ lib-strsim.json
            \_ dep-lib-strsim
            \_ lib-strsim
            \_ invoked.timestamp
        \_ lib-strsim.json
        \_ dep-lib-strsim
        \_ lib-strsim
        \_ invoked.timestamp
        \_ indexmap-29763c50e6ac3346
            \_ lib-indexmap
            \_ lib-indexmap.json
            \_ invoked.timestamp
            \_ dep-lib-indexmap
        \_ lib-indexmap
        \_ lib-indexmap.json
        \_ invoked.timestamp
        \_ dep-lib-indexmap
        \_ textwrap-6c3eb3b0ca68aa1d
            \_ dep-lib-textwrap
            \_ lib-textwrap
            \_ invoked.timestamp
            \_ lib-textwrap.json
        \_ dep-lib-textwrap
        \_ lib-textwrap
        \_ invoked.timestamp
        \_ lib-textwrap.json
        \_ superls-5a31932ad4389d36
            \_ bin-superls.json
            \_ dep-bin-superls
            \_ output-bin-superls
            \_ bin-superls
            \_ invoked.timestamp
        \_ bin-superls.json
        \_ dep-bin-superls
        \_ output-bin-superls
        \_ bin-superls
        \_ invoked.timestamp
        \_ bitflags-f762ea6531a6029d
            \_ lib-bitflags
            \_ invoked.timestamp
            \_ dep-lib-bitflags
            \_ lib-bitflags.json
        \_ lib-bitflags
        \_ invoked.timestamp
        \_ dep-lib-bitflags
        \_ lib-bitflags.json
        \_ autocfg-12c06f9c8defb7de
            \_ lib-autocfg.json
            \_ lib-autocfg
            \_ invoked.timestamp
            \_ dep-lib-autocfg
        \_ lib-autocfg.json
        \_ lib-autocfg
        \_ invoked.timestamp
        \_ dep-lib-autocfg
        \_ libc-aa2118ba775ec2d2
            \_ dep-build-script-build-script-build
            \_ invoked.timestamp
            \_ build-script-build-script-build.json
            \_ build-script-build-script-build
        \_ dep-build-script-build-script-build
        \_ invoked.timestamp
        \_ build-script-build-script-build.json
        \_ build-script-build-script-build
        \_ superls-453ce1e496bb7082
            \_ bin-superls.json
            \_ dep-bin-superls
            \_ bin-superls
            \_ invoked.timestamp
        \_ bin-superls.json
        \_ dep-bin-superls
        \_ bin-superls
        \_ invoked.timestamp
        \_ superls-3a21b2cc19cb0392
            \_ bin-superls.json
            \_ dep-bin-superls
            \_ bin-superls
            \_ invoked.timestamp
        \_ bin-superls.json
        \_ dep-bin-superls
        \_ bin-superls
        \_ invoked.timestamp
        \_ same-file-69668ca4c67ce6c1
            \_ dep-lib-same-file
            \_ lib-same-file.json
            \_ lib-same-file
            \_ invoked.timestamp
        \_ dep-lib-same-file
        \_ lib-same-file.json
        \_ lib-same-file
        \_ invoked.timestamp
        \_ hashbrown-e1685f209ee6664d
            \_ lib-hashbrown
            \_ lib-hashbrown.json
            \_ dep-lib-hashbrown
            \_ invoked.timestamp
        \_ lib-hashbrown
        \_ lib-hashbrown.json
        \_ dep-lib-hashbrown
        \_ invoked.timestamp
        \_ termcolor-75ef5b1a73c6aa1b
            \_ dep-lib-termcolor
            \_ lib-termcolor.json
            \_ invoked.timestamp
            \_ lib-termcolor
        \_ dep-lib-termcolor
        \_ lib-termcolor.json
        \_ invoked.timestamp
        \_ lib-termcolor
        \_ atty-09b23b0febff511c
            \_ lib-atty
            \_ lib-atty.json
            \_ invoked.timestamp
            \_ dep-lib-atty
        \_ lib-atty
        \_ lib-atty.json
        \_ invoked.timestamp
        \_ dep-lib-atty
        \_ os_str_bytes-7e1f573707b9e156
            \_ dep-lib-os_str_bytes
            \_ lib-os_str_bytes.json
            \_ lib-os_str_bytes
            \_ invoked.timestamp
        \_ dep-lib-os_str_bytes
        \_ lib-os_str_bytes.json
        \_ lib-os_str_bytes
        \_ invoked.timestamp
        \_ lazy_static-fb78aa22494e403f
            \_ lib-lazy_static
            \_ lib-lazy_static.json
            \_ dep-lib-lazy_static
            \_ invoked.timestamp
        \_ lib-lazy_static
        \_ lib-lazy_static.json
        \_ dep-lib-lazy_static
        \_ invoked.timestamp
        \_ indexmap-59b658860f96dbe6
            \_ dep-build-script-build-script-build
            \_ invoked.timestamp
            \_ build-script-build-script-build.json
            \_ build-script-build-script-build
        \_ dep-build-script-build-script-build
        \_ invoked.timestamp
        \_ build-script-build-script-build.json
        \_ build-script-build-script-build
        \_ clap-51d78e2f155c2c86
            \_ dep-lib-clap
            \_ lib-clap.json
            \_ invoked.timestamp
            \_ lib-clap
        \_ dep-lib-clap
        \_ lib-clap.json
        \_ invoked.timestamp
        \_ lib-clap
        \_ indexmap-f42da9d0e5d3a3f1
            \_ run-build-script-build-script-build.json
            \_ run-build-script-build-script-build
        \_ run-build-script-build-script-build.json
        \_ run-build-script-build-script-build
        \_ libc-7cd88582fd816a24
            \_ run-build-script-build-script-build.json
            \_ run-build-script-build-script-build
        \_ run-build-script-build-script-build.json
        \_ run-build-script-build-script-build
        \_ walkdir-702ff446c9bd0675
            \_ dep-lib-walkdir
            \_ lib-walkdir.json
            \_ lib-walkdir
            \_ invoked.timestamp
        \_ dep-lib-walkdir
        \_ lib-walkdir.json
        \_ lib-walkdir
        \_ invoked.timestamp
        \_ colored-0aa9157ed3109091
            \_ dep-lib-colored
            \_ invoked.timestamp
            \_ lib-colored.json
            \_ lib-colored
        \_ dep-lib-colored
        \_ invoked.timestamp
        \_ lib-colored.json
        \_ lib-colored
        \_ clap_lex-9eacb875550baf7f
            \_ dep-lib-clap_lex
            \_ lib-clap_lex.json
            \_ invoked.timestamp
            \_ lib-clap_lex
        \_ dep-lib-clap_lex
        \_ lib-clap_lex.json
        \_ invoked.timestamp
        \_ lib-clap_lex
    \_ libc-4b8a5dd3e3cd3ef0
        \_ lib-libc
        \_ dep-lib-libc
        \_ invoked.timestamp
        \_ lib-libc.json
    \_ lib-libc
    \_ dep-lib-libc
    \_ invoked.timestamp
    \_ lib-libc.json
    \_ strsim-d6cb954b29757cae
        \_ lib-strsim.json
        \_ dep-lib-strsim
        \_ lib-strsim
        \_ invoked.timestamp
    \_ lib-strsim.json
    \_ dep-lib-strsim
    \_ lib-strsim
    \_ invoked.timestamp
    \_ indexmap-29763c50e6ac3346
        \_ lib-indexmap
        \_ lib-indexmap.json
        \_ invoked.timestamp
        \_ dep-lib-indexmap
    \_ lib-indexmap
    \_ lib-indexmap.json
    \_ invoked.timestamp
    \_ dep-lib-indexmap
    \_ textwrap-6c3eb3b0ca68aa1d
        \_ dep-lib-textwrap
        \_ lib-textwrap
        \_ invoked.timestamp
        \_ lib-textwrap.json
    \_ dep-lib-textwrap
    \_ lib-textwrap
    \_ invoked.timestamp
    \_ lib-textwrap.json
    \_ superls-5a31932ad4389d36
        \_ bin-superls.json
        \_ dep-bin-superls
        \_ output-bin-superls
        \_ bin-superls
        \_ invoked.timestamp
    \_ bin-superls.json
    \_ dep-bin-superls
    \_ output-bin-superls
    \_ bin-superls
    \_ invoked.timestamp
    \_ bitflags-f762ea6531a6029d
        \_ lib-bitflags
        \_ invoked.timestamp
        \_ dep-lib-bitflags
        \_ lib-bitflags.json
    \_ lib-bitflags
    \_ invoked.timestamp
    \_ dep-lib-bitflags
    \_ lib-bitflags.json
    \_ autocfg-12c06f9c8defb7de
        \_ lib-autocfg.json
        \_ lib-autocfg
        \_ invoked.timestamp
        \_ dep-lib-autocfg
    \_ lib-autocfg.json
    \_ lib-autocfg
    \_ invoked.timestamp
    \_ dep-lib-autocfg
    \_ libc-aa2118ba775ec2d2
        \_ dep-build-script-build-script-build
        \_ invoked.timestamp
        \_ build-script-build-script-build.json
        \_ build-script-build-script-build
    \_ dep-build-script-build-script-build
    \_ invoked.timestamp
    \_ build-script-build-script-build.json
    \_ build-script-build-script-build
    \_ superls-453ce1e496bb7082
        \_ bin-superls.json
        \_ dep-bin-superls
        \_ bin-superls
        \_ invoked.timestamp
    \_ bin-superls.json
    \_ dep-bin-superls
    \_ bin-superls
    \_ invoked.timestamp
    \_ superls-3a21b2cc19cb0392
        \_ bin-superls.json
        \_ dep-bin-superls
        \_ bin-superls
        \_ invoked.timestamp
    \_ bin-superls.json
    \_ dep-bin-superls
    \_ bin-superls
    \_ invoked.timestamp
    \_ same-file-69668ca4c67ce6c1
        \_ dep-lib-same-file
        \_ lib-same-file.json
        \_ lib-same-file
        \_ invoked.timestamp
    \_ dep-lib-same-file
    \_ lib-same-file.json
    \_ lib-same-file
    \_ invoked.timestamp
    \_ hashbrown-e1685f209ee6664d
        \_ lib-hashbrown
        \_ lib-hashbrown.json
        \_ dep-lib-hashbrown
        \_ invoked.timestamp
    \_ lib-hashbrown
    \_ lib-hashbrown.json
    \_ dep-lib-hashbrown
    \_ invoked.timestamp
    \_ termcolor-75ef5b1a73c6aa1b
        \_ dep-lib-termcolor
        \_ lib-termcolor.json
        \_ invoked.timestamp
        \_ lib-termcolor
    \_ dep-lib-termcolor
    \_ lib-termcolor.json
    \_ invoked.timestamp
    \_ lib-termcolor
    \_ atty-09b23b0febff511c
        \_ lib-atty
        \_ lib-atty.json
        \_ invoked.timestamp
        \_ dep-lib-atty
    \_ lib-atty
    \_ lib-atty.json
    \_ invoked.timestamp
    \_ dep-lib-atty
    \_ os_str_bytes-7e1f573707b9e156
        \_ dep-lib-os_str_bytes
        \_ lib-os_str_bytes.json
        \_ lib-os_str_bytes
        \_ invoked.timestamp
    \_ dep-lib-os_str_bytes
    \_ lib-os_str_bytes.json
    \_ lib-os_str_bytes
    \_ invoked.timestamp
    \_ lazy_static-fb78aa22494e403f
        \_ lib-lazy_static
        \_ lib-lazy_static.json
        \_ dep-lib-lazy_static
        \_ invoked.timestamp
    \_ lib-lazy_static
    \_ lib-lazy_static.json
    \_ dep-lib-lazy_static
    \_ invoked.timestamp
    \_ indexmap-59b658860f96dbe6
        \_ dep-build-script-build-script-build
        \_ invoked.timestamp
        \_ build-script-build-script-build.json
        \_ build-script-build-script-build
    \_ dep-build-script-build-script-build
    \_ invoked.timestamp
    \_ build-script-build-script-build.json
    \_ build-script-build-script-build
    \_ clap-51d78e2f155c2c86
        \_ dep-lib-clap
        \_ lib-clap.json
        \_ invoked.timestamp
        \_ lib-clap
    \_ dep-lib-clap
    \_ lib-clap.json
    \_ invoked.timestamp
    \_ lib-clap
    \_ indexmap-f42da9d0e5d3a3f1
        \_ run-build-script-build-script-build.json
        \_ run-build-script-build-script-build
    \_ run-build-script-build-script-build.json
    \_ run-build-script-build-script-build
    \_ libc-7cd88582fd816a24
        \_ run-build-script-build-script-build.json
        \_ run-build-script-build-script-build
    \_ run-build-script-build-script-build.json
    \_ run-build-script-build-script-build
    \_ walkdir-702ff446c9bd0675
        \_ dep-lib-walkdir
        \_ lib-walkdir.json
        \_ lib-walkdir
        \_ invoked.timestamp
    \_ dep-lib-walkdir
    \_ lib-walkdir.json
    \_ lib-walkdir
    \_ invoked.timestamp
    \_ colored-0aa9157ed3109091
        \_ dep-lib-colored
        \_ invoked.timestamp
        \_ lib-colored.json
        \_ lib-colored
    \_ dep-lib-colored
    \_ invoked.timestamp
    \_ lib-colored.json
    \_ lib-colored
    \_ clap_lex-9eacb875550baf7f
        \_ dep-lib-clap_lex
        \_ lib-clap_lex.json
        \_ invoked.timestamp
        \_ lib-clap_lex
    \_ dep-lib-clap_lex
    \_ lib-clap_lex.json
    \_ invoked.timestamp
    \_ lib-clap_lex
    \_ superls.d
    \_ .cargo-lock
    \_ deps
        \_ os_str_bytes-7e1f573707b9e156.d
        \_ libatty-09b23b0febff511c.rmeta
        \_ liblazy_static-fb78aa22494e403f.rlib
        \_ libc-4b8a5dd3e3cd3ef0.d
        \_ libstrsim-d6cb954b29757cae.rmeta
        \_ superls-5a31932ad4389d36
        \_ libhashbrown-e1685f209ee6664d.rlib
        \_ liblazy_static-fb78aa22494e403f.rmeta
        \_ libclap-51d78e2f155c2c86.rmeta
        \_ libbitflags-f762ea6531a6029d.rlib
        \_ libstrsim-d6cb954b29757cae.rlib
        \_ clap_lex-9eacb875550baf7f.d
        \_ clap-51d78e2f155c2c86.d
        \_ indexmap-29763c50e6ac3346.d
        \_ same_file-69668ca4c67ce6c1.d
        \_ libindexmap-29763c50e6ac3346.rmeta
        \_ hashbrown-e1685f209ee6664d.d
        \_ libtermcolor-75ef5b1a73c6aa1b.rlib
        \_ superls-453ce1e496bb7082
        \_ superls-3a21b2cc19cb0392
        \_ atty-09b23b0febff511c.d
        \_ libhashbrown-e1685f209ee6664d.rmeta
        \_ walkdir-702ff446c9bd0675.d
        \_ libindexmap-29763c50e6ac3346.rlib
        \_ libtextwrap-6c3eb3b0ca68aa1d.rmeta
        \_ textwrap-6c3eb3b0ca68aa1d.d
        \_ superls-3a21b2cc19cb0392.d
        \_ libwalkdir-702ff446c9bd0675.rlib
        \_ colored-0aa9157ed3109091.d
        \_ termcolor-75ef5b1a73c6aa1b.d
        \_ libos_str_bytes-7e1f573707b9e156.rmeta
        \_ libautocfg-12c06f9c8defb7de.rlib
        \_ libatty-09b23b0febff511c.rlib
        \_ libcolored-0aa9157ed3109091.rlib
        \_ lazy_static-fb78aa22494e403f.d
        \_ strsim-d6cb954b29757cae.d
        \_ libclap_lex-9eacb875550baf7f.rlib
        \_ libos_str_bytes-7e1f573707b9e156.rlib
        \_ superls-453ce1e496bb7082.d
        \_ superls-5a31932ad4389d36.d
        \_ libsame_file-69668ca4c67ce6c1.rlib
        \_ libbitflags-f762ea6531a6029d.rmeta
        \_ liblibc-4b8a5dd3e3cd3ef0.rmeta
        \_ libcolored-0aa9157ed3109091.rmeta
        \_ liblibc-4b8a5dd3e3cd3ef0.rlib
        \_ libwalkdir-702ff446c9bd0675.rmeta
        \_ bitflags-f762ea6531a6029d.d
        \_ libclap_lex-9eacb875550baf7f.rmeta
        \_ libautocfg-12c06f9c8defb7de.rmeta
        \_ autocfg-12c06f9c8defb7de.d
        \_ libclap-51d78e2f155c2c86.rlib
        \_ libtermcolor-75ef5b1a73c6aa1b.rmeta
        \_ libtextwrap-6c3eb3b0ca68aa1d.rlib
        \_ libsame_file-69668ca4c67ce6c1.rmeta
    \_ os_str_bytes-7e1f573707b9e156.d
    \_ libatty-09b23b0febff511c.rmeta
    \_ liblazy_static-fb78aa22494e403f.rlib
    \_ libc-4b8a5dd3e3cd3ef0.d
    \_ libstrsim-d6cb954b29757cae.rmeta
    \_ superls-5a31932ad4389d36
    \_ libhashbrown-e1685f209ee6664d.rlib
    \_ liblazy_static-fb78aa22494e403f.rmeta
    \_ libclap-51d78e2f155c2c86.rmeta
    \_ libbitflags-f762ea6531a6029d.rlib
    \_ libstrsim-d6cb954b29757cae.rlib
    \_ clap_lex-9eacb875550baf7f.d
    \_ clap-51d78e2f155c2c86.d
    \_ indexmap-29763c50e6ac3346.d
    \_ same_file-69668ca4c67ce6c1.d
    \_ libindexmap-29763c50e6ac3346.rmeta
    \_ hashbrown-e1685f209ee6664d.d
    \_ libtermcolor-75ef5b1a73c6aa1b.rlib
    \_ superls-453ce1e496bb7082
    \_ superls-3a21b2cc19cb0392
    \_ atty-09b23b0febff511c.d
    \_ libhashbrown-e1685f209ee6664d.rmeta
    \_ walkdir-702ff446c9bd0675.d
    \_ libindexmap-29763c50e6ac3346.rlib
    \_ libtextwrap-6c3eb3b0ca68aa1d.rmeta
    \_ textwrap-6c3eb3b0ca68aa1d.d
    \_ superls-3a21b2cc19cb0392.d
    \_ libwalkdir-702ff446c9bd0675.rlib
    \_ colored-0aa9157ed3109091.d
    \_ termcolor-75ef5b1a73c6aa1b.d
    \_ libos_str_bytes-7e1f573707b9e156.rmeta
    \_ libautocfg-12c06f9c8defb7de.rlib
    \_ libatty-09b23b0febff511c.rlib
    \_ libcolored-0aa9157ed3109091.rlib
    \_ lazy_static-fb78aa22494e403f.d
    \_ strsim-d6cb954b29757cae.d
    \_ libclap_lex-9eacb875550baf7f.rlib
    \_ libos_str_bytes-7e1f573707b9e156.rlib
    \_ superls-453ce1e496bb7082.d
    \_ superls-5a31932ad4389d36.d
    \_ libsame_file-69668ca4c67ce6c1.rlib
    \_ libbitflags-f762ea6531a6029d.rmeta
    \_ liblibc-4b8a5dd3e3cd3ef0.rmeta
    \_ libcolored-0aa9157ed3109091.rmeta
    \_ liblibc-4b8a5dd3e3cd3ef0.rlib
    \_ libwalkdir-702ff446c9bd0675.rmeta
    \_ bitflags-f762ea6531a6029d.d
    \_ libclap_lex-9eacb875550baf7f.rmeta
    \_ libautocfg-12c06f9c8defb7de.rmeta
    \_ autocfg-12c06f9c8defb7de.d
    \_ libclap-51d78e2f155c2c86.rlib
    \_ libtermcolor-75ef5b1a73c6aa1b.rmeta
    \_ libtextwrap-6c3eb3b0ca68aa1d.rlib
    \_ libsame_file-69668ca4c67ce6c1.rmeta
    \_ build
        \_ libc-aa2118ba775ec2d2
            \_ build_script_build-aa2118ba775ec2d2
            \_ build_script_build-aa2118ba775ec2d2.d
            \_ build-script-build
        \_ build_script_build-aa2118ba775ec2d2
        \_ build_script_build-aa2118ba775ec2d2.d
        \_ build-script-build
        \_ indexmap-59b658860f96dbe6
            \_ build_script_build-59b658860f96dbe6.d
            \_ build_script_build-59b658860f96dbe6
            \_ build-script-build
        \_ build_script_build-59b658860f96dbe6.d
        \_ build_script_build-59b658860f96dbe6
        \_ build-script-build
        \_ indexmap-f42da9d0e5d3a3f1
            \_ stderr
            \_ output
            \_ root-output
            \_ invoked.timestamp
        \_ stderr
        \_ output
        \_ root-output
        \_ invoked.timestamp
        \_ libc-7cd88582fd816a24
            \_ stderr
            \_ output
            \_ root-output
            \_ invoked.timestamp
        \_ stderr
        \_ output
        \_ root-output
        \_ invoked.timestamp
    \_ libc-aa2118ba775ec2d2
        \_ build_script_build-aa2118ba775ec2d2
        \_ build_script_build-aa2118ba775ec2d2.d
        \_ build-script-build
    \_ build_script_build-aa2118ba775ec2d2
    \_ build_script_build-aa2118ba775ec2d2.d
    \_ build-script-build
    \_ indexmap-59b658860f96dbe6
        \_ build_script_build-59b658860f96dbe6.d
        \_ build_script_build-59b658860f96dbe6
        \_ build-script-build
    \_ build_script_build-59b658860f96dbe6.d
    \_ build_script_build-59b658860f96dbe6
    \_ build-script-build
    \_ indexmap-f42da9d0e5d3a3f1
        \_ stderr
        \_ output
        \_ root-output
        \_ invoked.timestamp
    \_ stderr
    \_ output
    \_ root-output
    \_ invoked.timestamp
    \_ libc-7cd88582fd816a24
        \_ stderr
        \_ output
        \_ root-output
        \_ invoked.timestamp
    \_ stderr
    \_ output
    \_ root-output
    \_ invoked.timestamp
    \_ .fingerprint
        \_ os_str_bytes-81bc0e41f14e36f2
            \_ dep-lib-os_str_bytes
            \_ lib-os_str_bytes.json
            \_ lib-os_str_bytes
            \_ invoked.timestamp
        \_ dep-lib-os_str_bytes
        \_ lib-os_str_bytes.json
        \_ lib-os_str_bytes
        \_ invoked.timestamp
        \_ superls-ada9a9a6bf5676eb
            \_ bin-superls.json
            \_ dep-bin-superls
            \_ bin-superls
            \_ invoked.timestamp
        \_ bin-superls.json
        \_ dep-bin-superls
        \_ bin-superls
        \_ invoked.timestamp
        \_ bitflags-eba7813632a4a416
            \_ lib-bitflags
            \_ invoked.timestamp
            \_ dep-lib-bitflags
            \_ lib-bitflags.json
        \_ lib-bitflags
        \_ invoked.timestamp
        \_ dep-lib-bitflags
        \_ lib-bitflags.json
        \_ indexmap-22b370183d110ca2
            \_ dep-build-script-build-script-build
            \_ invoked.timestamp
            \_ build-script-build-script-build.json
            \_ build-script-build-script-build
        \_ dep-build-script-build-script-build
        \_ invoked.timestamp
        \_ build-script-build-script-build.json
        \_ build-script-build-script-build
        \_ libc-40224dfa8949a2e0
            \_ run-build-script-build-script-build.json
            \_ run-build-script-build-script-build
        \_ run-build-script-build-script-build.json
        \_ run-build-script-build-script-build
        \_ clap_lex-4387cc15af9e48c5
            \_ dep-lib-clap_lex
            \_ lib-clap_lex.json
            \_ invoked.timestamp
            \_ lib-clap_lex
        \_ dep-lib-clap_lex
        \_ lib-clap_lex.json
        \_ invoked.timestamp
        \_ lib-clap_lex
        \_ clap-1a4ee165c9630a06
            \_ dep-lib-clap
            \_ lib-clap.json
            \_ invoked.timestamp
            \_ lib-clap
        \_ dep-lib-clap
        \_ lib-clap.json
        \_ invoked.timestamp
        \_ lib-clap
        \_ indexmap-ee669813a35a9334
            \_ run-build-script-build-script-build.json
            \_ run-build-script-build-script-build
        \_ run-build-script-build-script-build.json
        \_ run-build-script-build-script-build
        \_ strsim-79503060772d5670
            \_ lib-strsim.json
            \_ dep-lib-strsim
            \_ lib-strsim
            \_ invoked.timestamp
        \_ lib-strsim.json
        \_ dep-lib-strsim
        \_ lib-strsim
        \_ invoked.timestamp
        \_ autocfg-3d51c1c2a690d46c
            \_ lib-autocfg.json
            \_ lib-autocfg
            \_ invoked.timestamp
            \_ dep-lib-autocfg
        \_ lib-autocfg.json
        \_ lib-autocfg
        \_ invoked.timestamp
        \_ dep-lib-autocfg
        \_ same-file-8d1365809c63e053
            \_ dep-lib-same-file
            \_ lib-same-file.json
            \_ lib-same-file
            \_ invoked.timestamp
        \_ dep-lib-same-file
        \_ lib-same-file.json
        \_ lib-same-file
        \_ invoked.timestamp
        \_ termcolor-247b05a6efe8825d
            \_ dep-lib-termcolor
            \_ lib-termcolor.json
            \_ invoked.timestamp
            \_ lib-termcolor
        \_ dep-lib-termcolor
        \_ lib-termcolor.json
        \_ invoked.timestamp
        \_ lib-termcolor
        \_ libc-b0676b6fffac1fa0
            \_ dep-build-script-build-script-build
            \_ invoked.timestamp
            \_ build-script-build-script-build.json
            \_ build-script-build-script-build
        \_ dep-build-script-build-script-build
        \_ invoked.timestamp
        \_ build-script-build-script-build.json
        \_ build-script-build-script-build
        \_ hashbrown-0e8bf12d0caa6f0e
            \_ lib-hashbrown
            \_ lib-hashbrown.json
            \_ dep-lib-hashbrown
            \_ invoked.timestamp
        \_ lib-hashbrown
        \_ lib-hashbrown.json
        \_ dep-lib-hashbrown
        \_ invoked.timestamp
        \_ textwrap-031d0c816c89c518
            \_ dep-lib-textwrap
            \_ lib-textwrap
            \_ invoked.timestamp
            \_ lib-textwrap.json
        \_ dep-lib-textwrap
        \_ lib-textwrap
        \_ invoked.timestamp
        \_ lib-textwrap.json
        \_ indexmap-80b9e51973240026
            \_ lib-indexmap
            \_ lib-indexmap.json
            \_ invoked.timestamp
            \_ dep-lib-indexmap
        \_ lib-indexmap
        \_ lib-indexmap.json
        \_ invoked.timestamp
        \_ dep-lib-indexmap
        \_ libc-b6827b76bee655e1
            \_ lib-libc
            \_ dep-lib-libc
            \_ invoked.timestamp
            \_ lib-libc.json
        \_ lib-libc
        \_ dep-lib-libc
        \_ invoked.timestamp
        \_ lib-libc.json
        \_ atty-a30cdc5bd3209dd0
            \_ lib-atty
            \_ lib-atty.json
            \_ invoked.timestamp
            \_ dep-lib-atty
        \_ lib-atty
        \_ lib-atty.json
        \_ invoked.timestamp
        \_ dep-lib-atty
        \_ superls-884dfdca56c8dd62
            \_ bin-superls.json
            \_ dep-bin-superls
            \_ output-bin-superls
            \_ bin-superls
            \_ invoked.timestamp
        \_ bin-superls.json
        \_ dep-bin-superls
        \_ output-bin-superls
        \_ bin-superls
        \_ invoked.timestamp
        \_ walkdir-2946abd5cec24b0b
            \_ dep-lib-walkdir
            \_ lib-walkdir.json
            \_ lib-walkdir
            \_ invoked.timestamp
        \_ dep-lib-walkdir
        \_ lib-walkdir.json
        \_ lib-walkdir
        \_ invoked.timestamp
    \_ os_str_bytes-81bc0e41f14e36f2
        \_ dep-lib-os_str_bytes
        \_ lib-os_str_bytes.json
        \_ lib-os_str_bytes
        \_ invoked.timestamp
    \_ dep-lib-os_str_bytes
    \_ lib-os_str_bytes.json
    \_ lib-os_str_bytes
    \_ invoked.timestamp
    \_ superls-ada9a9a6bf5676eb
        \_ bin-superls.json
        \_ dep-bin-superls
        \_ bin-superls
        \_ invoked.timestamp
    \_ bin-superls.json
    \_ dep-bin-superls
    \_ bin-superls
    \_ invoked.timestamp
    \_ bitflags-eba7813632a4a416
        \_ lib-bitflags
        \_ invoked.timestamp
        \_ dep-lib-bitflags
        \_ lib-bitflags.json
    \_ lib-bitflags
    \_ invoked.timestamp
    \_ dep-lib-bitflags
    \_ lib-bitflags.json
    \_ indexmap-22b370183d110ca2
        \_ dep-build-script-build-script-build
        \_ invoked.timestamp
        \_ build-script-build-script-build.json
        \_ build-script-build-script-build
    \_ dep-build-script-build-script-build
    \_ invoked.timestamp
    \_ build-script-build-script-build.json
    \_ build-script-build-script-build
    \_ libc-40224dfa8949a2e0
        \_ run-build-script-build-script-build.json
        \_ run-build-script-build-script-build
    \_ run-build-script-build-script-build.json
    \_ run-build-script-build-script-build
    \_ clap_lex-4387cc15af9e48c5
        \_ dep-lib-clap_lex
        \_ lib-clap_lex.json
        \_ invoked.timestamp
        \_ lib-clap_lex
    \_ dep-lib-clap_lex
    \_ lib-clap_lex.json
    \_ invoked.timestamp
    \_ lib-clap_lex
    \_ clap-1a4ee165c9630a06
        \_ dep-lib-clap
        \_ lib-clap.json
        \_ invoked.timestamp
        \_ lib-clap
    \_ dep-lib-clap
    \_ lib-clap.json
    \_ invoked.timestamp
    \_ lib-clap
    \_ indexmap-ee669813a35a9334
        \_ run-build-script-build-script-build.json
        \_ run-build-script-build-script-build
    \_ run-build-script-build-script-build.json
    \_ run-build-script-build-script-build
    \_ strsim-79503060772d5670
        \_ lib-strsim.json
        \_ dep-lib-strsim
        \_ lib-strsim
        \_ invoked.timestamp
    \_ lib-strsim.json
    \_ dep-lib-strsim
    \_ lib-strsim
    \_ invoked.timestamp
    \_ autocfg-3d51c1c2a690d46c
        \_ lib-autocfg.json
        \_ lib-autocfg
        \_ invoked.timestamp
        \_ dep-lib-autocfg
    \_ lib-autocfg.json
    \_ lib-autocfg
    \_ invoked.timestamp
    \_ dep-lib-autocfg
    \_ same-file-8d1365809c63e053
        \_ dep-lib-same-file
        \_ lib-same-file.json
        \_ lib-same-file
        \_ invoked.timestamp
    \_ dep-lib-same-file
    \_ lib-same-file.json
    \_ lib-same-file
    \_ invoked.timestamp
    \_ termcolor-247b05a6efe8825d
        \_ dep-lib-termcolor
        \_ lib-termcolor.json
        \_ invoked.timestamp
        \_ lib-termcolor
    \_ dep-lib-termcolor
    \_ lib-termcolor.json
    \_ invoked.timestamp
    \_ lib-termcolor
    \_ libc-b0676b6fffac1fa0
        \_ dep-build-script-build-script-build
        \_ invoked.timestamp
        \_ build-script-build-script-build.json
        \_ build-script-build-script-build
    \_ dep-build-script-build-script-build
    \_ invoked.timestamp
    \_ build-script-build-script-build.json
    \_ build-script-build-script-build
    \_ hashbrown-0e8bf12d0caa6f0e
        \_ lib-hashbrown
        \_ lib-hashbrown.json
        \_ dep-lib-hashbrown
        \_ invoked.timestamp
    \_ lib-hashbrown
    \_ lib-hashbrown.json
    \_ dep-lib-hashbrown
    \_ invoked.timestamp
    \_ textwrap-031d0c816c89c518
        \_ dep-lib-textwrap
        \_ lib-textwrap
        \_ invoked.timestamp
        \_ lib-textwrap.json
    \_ dep-lib-textwrap
    \_ lib-textwrap
    \_ invoked.timestamp
    \_ lib-textwrap.json
    \_ indexmap-80b9e51973240026
        \_ lib-indexmap
        \_ lib-indexmap.json
        \_ invoked.timestamp
        \_ dep-lib-indexmap
    \_ lib-indexmap
    \_ lib-indexmap.json
    \_ invoked.timestamp
    \_ dep-lib-indexmap
    \_ libc-b6827b76bee655e1
        \_ lib-libc
        \_ dep-lib-libc
        \_ invoked.timestamp
        \_ lib-libc.json
    \_ lib-libc
    \_ dep-lib-libc
    \_ invoked.timestamp
    \_ lib-libc.json
    \_ atty-a30cdc5bd3209dd0
        \_ lib-atty
        \_ lib-atty.json
        \_ invoked.timestamp
        \_ dep-lib-atty
    \_ lib-atty
    \_ lib-atty.json
    \_ invoked.timestamp
    \_ dep-lib-atty
    \_ superls-884dfdca56c8dd62
        \_ bin-superls.json
        \_ dep-bin-superls
        \_ output-bin-superls
        \_ bin-superls
        \_ invoked.timestamp
    \_ bin-superls.json
    \_ dep-bin-superls
    \_ output-bin-superls
    \_ bin-superls
    \_ invoked.timestamp
    \_ walkdir-2946abd5cec24b0b
        \_ dep-lib-walkdir
        \_ lib-walkdir.json
        \_ lib-walkdir
        \_ invoked.timestamp
    \_ dep-lib-walkdir
    \_ lib-walkdir.json
    \_ lib-walkdir
    \_ invoked.timestamp
    \_ superls.d
    \_ incremental
        \_ superls-2tqamadr6e9y4
            \_ s-gmcwas50y1-1wyzix6-3e9aqy3sibywr
                \_ nqelr1ip4eonck3.o
                \_ 4bkzm2vyysfq2b0p.o
                \_ mae357i4ex0ifvj.o
                \_ 3lig3q2alp1wvbp8.o
                \_ 2yg4dv1d94kszwaj.o
                \_ 1ejn9mrj9fci2y3i.o
                \_ k2cufxokmxv823v.o
                \_ y8k0zl6jab2x6g5.o
                \_ 2wj6bjq4wyl111uy.o
                \_ mjf1rzlfgx8tgjn.o
                \_ 3jc406pvnqu2pue0.o
                \_ 1ld14uherdlnd79t.o
                \_ 1c35jsuj9piacva8.o
                \_ 3l7aizsm1sqmmmqu.o
                \_ 16b0v5zbzm10d9lq.o
                \_ 38kz0efsnzfw7q4o.o
                \_ 1x2dlvxe9oi9p3og.o
                \_ lsov8zla2vpi1tz.o
                \_ 35wsjr917ehxjodu.o
                \_ 3hvh7johm2qvkoj8.o
                \_ query-cache.bin
                \_ 5f45teekmfct7ac2.o
                \_ 2bq9r386p1wwgcz9.o
                \_ dep-graph.bin
                \_ 5atn5ajdpaenhx40.o
                \_ 5cedg5qdf0zfhnlg.o
                \_ 4b32jbp0pjlz2rji.o
                \_ 36o443nt04sclut4.o
                \_ work-products.bin
                \_ 3ylgocae8k4fj9yg.o
                \_ 3s5ge3ah0aaiu2mi.o
                \_ 3ixwu4ercsyg1uf6.o
                \_ 5crz5j2cnhx6znff.o
            \_ nqelr1ip4eonck3.o
            \_ 4bkzm2vyysfq2b0p.o
            \_ mae357i4ex0ifvj.o
            \_ 3lig3q2alp1wvbp8.o
            \_ 2yg4dv1d94kszwaj.o
            \_ 1ejn9mrj9fci2y3i.o
            \_ k2cufxokmxv823v.o
            \_ y8k0zl6jab2x6g5.o
            \_ 2wj6bjq4wyl111uy.o
            \_ mjf1rzlfgx8tgjn.o
            \_ 3jc406pvnqu2pue0.o
            \_ 1ld14uherdlnd79t.o
            \_ 1c35jsuj9piacva8.o
            \_ 3l7aizsm1sqmmmqu.o
            \_ 16b0v5zbzm10d9lq.o
            \_ 38kz0efsnzfw7q4o.o
            \_ 1x2dlvxe9oi9p3og.o
            \_ lsov8zla2vpi1tz.o
            \_ 35wsjr917ehxjodu.o
            \_ 3hvh7johm2qvkoj8.o
            \_ query-cache.bin
            \_ 5f45teekmfct7ac2.o
            \_ 2bq9r386p1wwgcz9.o
            \_ dep-graph.bin
            \_ 5atn5ajdpaenhx40.o
            \_ 5cedg5qdf0zfhnlg.o
            \_ 4b32jbp0pjlz2rji.o
            \_ 36o443nt04sclut4.o
            \_ work-products.bin
            \_ 3ylgocae8k4fj9yg.o
            \_ 3s5ge3ah0aaiu2mi.o
            \_ 3ixwu4ercsyg1uf6.o
            \_ 5crz5j2cnhx6znff.o
            \_ s-gmcwas50y1-1wyzix6.lock
        \_ s-gmcwas50y1-1wyzix6-3e9aqy3sibywr
            \_ nqelr1ip4eonck3.o
            \_ 4bkzm2vyysfq2b0p.o
            \_ mae357i4ex0ifvj.o
            \_ 3lig3q2alp1wvbp8.o
            \_ 2yg4dv1d94kszwaj.o
            \_ 1ejn9mrj9fci2y3i.o
            \_ k2cufxokmxv823v.o
            \_ y8k0zl6jab2x6g5.o
            \_ 2wj6bjq4wyl111uy.o
            \_ mjf1rzlfgx8tgjn.o
            \_ 3jc406pvnqu2pue0.o
            \_ 1ld14uherdlnd79t.o
            \_ 1c35jsuj9piacva8.o
            \_ 3l7aizsm1sqmmmqu.o
            \_ 16b0v5zbzm10d9lq.o
            \_ 38kz0efsnzfw7q4o.o
            \_ 1x2dlvxe9oi9p3og.o
            \_ lsov8zla2vpi1tz.o
            \_ 35wsjr917ehxjodu.o
            \_ 3hvh7johm2qvkoj8.o
            \_ query-cache.bin
            \_ 5f45teekmfct7ac2.o
            \_ 2bq9r386p1wwgcz9.o
            \_ dep-graph.bin
            \_ 5atn5ajdpaenhx40.o
            \_ 5cedg5qdf0zfhnlg.o
            \_ 4b32jbp0pjlz2rji.o
            \_ 36o443nt04sclut4.o
            \_ work-products.bin
            \_ 3ylgocae8k4fj9yg.o
            \_ 3s5ge3ah0aaiu2mi.o
            \_ 3ixwu4ercsyg1uf6.o
            \_ 5crz5j2cnhx6znff.o
        \_ nqelr1ip4eonck3.o
        \_ 4bkzm2vyysfq2b0p.o
        \_ mae357i4ex0ifvj.o
        \_ 3lig3q2alp1wvbp8.o
        \_ 2yg4dv1d94kszwaj.o
        \_ 1ejn9mrj9fci2y3i.o
        \_ k2cufxokmxv823v.o
        \_ y8k0zl6jab2x6g5.o
        \_ 2wj6bjq4wyl111uy.o
        \_ mjf1rzlfgx8tgjn.o
        \_ 3jc406pvnqu2pue0.o
        \_ 1ld14uherdlnd79t.o
        \_ 1c35jsuj9piacva8.o
        \_ 3l7aizsm1sqmmmqu.o
        \_ 16b0v5zbzm10d9lq.o
        \_ 38kz0efsnzfw7q4o.o
        \_ 1x2dlvxe9oi9p3og.o
        \_ lsov8zla2vpi1tz.o
        \_ 35wsjr917ehxjodu.o
        \_ 3hvh7johm2qvkoj8.o
        \_ query-cache.bin
        \_ 5f45teekmfct7ac2.o
        \_ 2bq9r386p1wwgcz9.o
        \_ dep-graph.bin
        \_ 5atn5ajdpaenhx40.o
        \_ 5cedg5qdf0zfhnlg.o
        \_ 4b32jbp0pjlz2rji.o
        \_ 36o443nt04sclut4.o
        \_ work-products.bin
        \_ 3ylgocae8k4fj9yg.o
        \_ 3s5ge3ah0aaiu2mi.o
        \_ 3ixwu4ercsyg1uf6.o
        \_ 5crz5j2cnhx6znff.o
        \_ s-gmcwas50y1-1wyzix6.lock
        \_ superls-1iop3l4ug1ood
            \_ s-gmcvozfsbp-117nxfe.lock
            \_ s-gmcvozfsbp-117nxfe-31lbne1dunegi
                \_ 36g8edvjwq50mvvs.o
                \_ 2omzlfgstloqdhqz.o
                \_ 1sg52mgxskaaqgb7.o
                \_ 1urd33t2v8bsrh2c.o
                \_ 3m5e79viq8op38t6.o
                \_ 4efzsqhr62zc52ru.o
                \_ 2bo8yw1tz36jimkj.o
                \_ 1v564km9a3dtw2vj.o
                \_ 3rf150cmxlfv8fwm.o
                \_ 53scm0qxby7ng7re.o
                \_ qvv3kmp0dan4oie.o
                \_ 1y9vgqn3a0wrways.o
                \_ 27j4k3y3gqo5gs32.o
                \_ 1apha6xcn8urjget.o
                \_ alsvwaq4rh27unr.o
                \_ 4s6dxjcpyfvd04ur.o
                \_ 1121mcswxspewwlk.o
                \_ 3nrlcbuzkxcnde9i.o
                \_ eywof2h11hibj3o.o
                \_ favc80mh9idljom.o
                \_ 4q45x2ignqah31vf.o
                \_ 2e4553l5gwna6e8e.o
                \_ query-cache.bin
                \_ 42fe98qlcxj2vkh7.o
                \_ 4k62u3qbhrxe02jn.o
                \_ dep-graph.bin
                \_ 4xuhvucuyaideq1m.o
                \_ work-products.bin
                \_ mkabk4xpfhdsbku.o
                \_ 3yz4jb78tgoyy0xl.o
                \_ 3g9s4o4qxlk8smm8.o
                \_ 1o5ous6gt0d8jaxm.o
                \_ lyln8unmx38lwbo.o
            \_ 36g8edvjwq50mvvs.o
            \_ 2omzlfgstloqdhqz.o
            \_ 1sg52mgxskaaqgb7.o
            \_ 1urd33t2v8bsrh2c.o
            \_ 3m5e79viq8op38t6.o
            \_ 4efzsqhr62zc52ru.o
            \_ 2bo8yw1tz36jimkj.o
            \_ 1v564km9a3dtw2vj.o
            \_ 3rf150cmxlfv8fwm.o
            \_ 53scm0qxby7ng7re.o
            \_ qvv3kmp0dan4oie.o
            \_ 1y9vgqn3a0wrways.o
            \_ 27j4k3y3gqo5gs32.o
            \_ 1apha6xcn8urjget.o
            \_ alsvwaq4rh27unr.o
            \_ 4s6dxjcpyfvd04ur.o
            \_ 1121mcswxspewwlk.o
            \_ 3nrlcbuzkxcnde9i.o
            \_ eywof2h11hibj3o.o
            \_ favc80mh9idljom.o
            \_ 4q45x2ignqah31vf.o
            \_ 2e4553l5gwna6e8e.o
            \_ query-cache.bin
            \_ 42fe98qlcxj2vkh7.o
            \_ 4k62u3qbhrxe02jn.o
            \_ dep-graph.bin
            \_ 4xuhvucuyaideq1m.o
            \_ work-products.bin
            \_ mkabk4xpfhdsbku.o
            \_ 3yz4jb78tgoyy0xl.o
            \_ 3g9s4o4qxlk8smm8.o
            \_ 1o5ous6gt0d8jaxm.o
            \_ lyln8unmx38lwbo.o
        \_ s-gmcvozfsbp-117nxfe.lock
        \_ s-gmcvozfsbp-117nxfe-31lbne1dunegi
            \_ 36g8edvjwq50mvvs.o
            \_ 2omzlfgstloqdhqz.o
            \_ 1sg52mgxskaaqgb7.o
            \_ 1urd33t2v8bsrh2c.o
            \_ 3m5e79viq8op38t6.o
            \_ 4efzsqhr62zc52ru.o
            \_ 2bo8yw1tz36jimkj.o
            \_ 1v564km9a3dtw2vj.o
            \_ 3rf150cmxlfv8fwm.o
            \_ 53scm0qxby7ng7re.o
            \_ qvv3kmp0dan4oie.o
            \_ 1y9vgqn3a0wrways.o
            \_ 27j4k3y3gqo5gs32.o
            \_ 1apha6xcn8urjget.o
            \_ alsvwaq4rh27unr.o
            \_ 4s6dxjcpyfvd04ur.o
            \_ 1121mcswxspewwlk.o
            \_ 3nrlcbuzkxcnde9i.o
            \_ eywof2h11hibj3o.o
            \_ favc80mh9idljom.o
            \_ 4q45x2ignqah31vf.o
            \_ 2e4553l5gwna6e8e.o
            \_ query-cache.bin
            \_ 42fe98qlcxj2vkh7.o
            \_ 4k62u3qbhrxe02jn.o
            \_ dep-graph.bin
            \_ 4xuhvucuyaideq1m.o
            \_ work-products.bin
            \_ mkabk4xpfhdsbku.o
            \_ 3yz4jb78tgoyy0xl.o
            \_ 3g9s4o4qxlk8smm8.o
            \_ 1o5ous6gt0d8jaxm.o
            \_ lyln8unmx38lwbo.o
        \_ 36g8edvjwq50mvvs.o
        \_ 2omzlfgstloqdhqz.o
        \_ 1sg52mgxskaaqgb7.o
        \_ 1urd33t2v8bsrh2c.o
        \_ 3m5e79viq8op38t6.o
        \_ 4efzsqhr62zc52ru.o
        \_ 2bo8yw1tz36jimkj.o
        \_ 1v564km9a3dtw2vj.o
        \_ 3rf150cmxlfv8fwm.o
        \_ 53scm0qxby7ng7re.o
        \_ qvv3kmp0dan4oie.o
        \_ 1y9vgqn3a0wrways.o
        \_ 27j4k3y3gqo5gs32.o
        \_ 1apha6xcn8urjget.o
        \_ alsvwaq4rh27unr.o
        \_ 4s6dxjcpyfvd04ur.o
        \_ 1121mcswxspewwlk.o
        \_ 3nrlcbuzkxcnde9i.o
        \_ eywof2h11hibj3o.o
        \_ favc80mh9idljom.o
        \_ 4q45x2ignqah31vf.o
        \_ 2e4553l5gwna6e8e.o
        \_ query-cache.bin
        \_ 42fe98qlcxj2vkh7.o
        \_ 4k62u3qbhrxe02jn.o
        \_ dep-graph.bin
        \_ 4xuhvucuyaideq1m.o
        \_ work-products.bin
        \_ mkabk4xpfhdsbku.o
        \_ 3yz4jb78tgoyy0xl.o
        \_ 3g9s4o4qxlk8smm8.o
        \_ 1o5ous6gt0d8jaxm.o
        \_ lyln8unmx38lwbo.o
    \_ superls-2tqamadr6e9y4
        \_ s-gmcwas50y1-1wyzix6-3e9aqy3sibywr
            \_ nqelr1ip4eonck3.o
            \_ 4bkzm2vyysfq2b0p.o
            \_ mae357i4ex0ifvj.o
            \_ 3lig3q2alp1wvbp8.o
            \_ 2yg4dv1d94kszwaj.o
            \_ 1ejn9mrj9fci2y3i.o
            \_ k2cufxokmxv823v.o
            \_ y8k0zl6jab2x6g5.o
            \_ 2wj6bjq4wyl111uy.o
            \_ mjf1rzlfgx8tgjn.o
            \_ 3jc406pvnqu2pue0.o
            \_ 1ld14uherdlnd79t.o
            \_ 1c35jsuj9piacva8.o
            \_ 3l7aizsm1sqmmmqu.o
            \_ 16b0v5zbzm10d9lq.o
            \_ 38kz0efsnzfw7q4o.o
            \_ 1x2dlvxe9oi9p3og.o
            \_ lsov8zla2vpi1tz.o
            \_ 35wsjr917ehxjodu.o
            \_ 3hvh7johm2qvkoj8.o
            \_ query-cache.bin
            \_ 5f45teekmfct7ac2.o
            \_ 2bq9r386p1wwgcz9.o
            \_ dep-graph.bin
            \_ 5atn5ajdpaenhx40.o
            \_ 5cedg5qdf0zfhnlg.o
            \_ 4b32jbp0pjlz2rji.o
            \_ 36o443nt04sclut4.o
            \_ work-products.bin
            \_ 3ylgocae8k4fj9yg.o
            \_ 3s5ge3ah0aaiu2mi.o
            \_ 3ixwu4ercsyg1uf6.o
            \_ 5crz5j2cnhx6znff.o
        \_ nqelr1ip4eonck3.o
        \_ 4bkzm2vyysfq2b0p.o
        \_ mae357i4ex0ifvj.o
        \_ 3lig3q2alp1wvbp8.o
        \_ 2yg4dv1d94kszwaj.o
        \_ 1ejn9mrj9fci2y3i.o
        \_ k2cufxokmxv823v.o
        \_ y8k0zl6jab2x6g5.o
        \_ 2wj6bjq4wyl111uy.o
        \_ mjf1rzlfgx8tgjn.o
        \_ 3jc406pvnqu2pue0.o
        \_ 1ld14uherdlnd79t.o
        \_ 1c35jsuj9piacva8.o
        \_ 3l7aizsm1sqmmmqu.o
        \_ 16b0v5zbzm10d9lq.o
        \_ 38kz0efsnzfw7q4o.o
        \_ 1x2dlvxe9oi9p3og.o
        \_ lsov8zla2vpi1tz.o
        \_ 35wsjr917ehxjodu.o
        \_ 3hvh7johm2qvkoj8.o
        \_ query-cache.bin
        \_ 5f45teekmfct7ac2.o
        \_ 2bq9r386p1wwgcz9.o
        \_ dep-graph.bin
        \_ 5atn5ajdpaenhx40.o
        \_ 5cedg5qdf0zfhnlg.o
        \_ 4b32jbp0pjlz2rji.o
        \_ 36o443nt04sclut4.o
        \_ work-products.bin
        \_ 3ylgocae8k4fj9yg.o
        \_ 3s5ge3ah0aaiu2mi.o
        \_ 3ixwu4ercsyg1uf6.o
        \_ 5crz5j2cnhx6znff.o
        \_ s-gmcwas50y1-1wyzix6.lock
    \_ s-gmcwas50y1-1wyzix6-3e9aqy3sibywr
        \_ nqelr1ip4eonck3.o
        \_ 4bkzm2vyysfq2b0p.o
        \_ mae357i4ex0ifvj.o
        \_ 3lig3q2alp1wvbp8.o
        \_ 2yg4dv1d94kszwaj.o
        \_ 1ejn9mrj9fci2y3i.o
        \_ k2cufxokmxv823v.o
        \_ y8k0zl6jab2x6g5.o
        \_ 2wj6bjq4wyl111uy.o
        \_ mjf1rzlfgx8tgjn.o
        \_ 3jc406pvnqu2pue0.o
        \_ 1ld14uherdlnd79t.o
        \_ 1c35jsuj9piacva8.o
        \_ 3l7aizsm1sqmmmqu.o
        \_ 16b0v5zbzm10d9lq.o
        \_ 38kz0efsnzfw7q4o.o
        \_ 1x2dlvxe9oi9p3og.o
        \_ lsov8zla2vpi1tz.o
        \_ 35wsjr917ehxjodu.o
        \_ 3hvh7johm2qvkoj8.o
        \_ query-cache.bin
        \_ 5f45teekmfct7ac2.o
        \_ 2bq9r386p1wwgcz9.o
        \_ dep-graph.bin
        \_ 5atn5ajdpaenhx40.o
        \_ 5cedg5qdf0zfhnlg.o
        \_ 4b32jbp0pjlz2rji.o
        \_ 36o443nt04sclut4.o
        \_ work-products.bin
        \_ 3ylgocae8k4fj9yg.o
        \_ 3s5ge3ah0aaiu2mi.o
        \_ 3ixwu4ercsyg1uf6.o
        \_ 5crz5j2cnhx6znff.o
    \_ nqelr1ip4eonck3.o
    \_ 4bkzm2vyysfq2b0p.o
    \_ mae357i4ex0ifvj.o
    \_ 3lig3q2alp1wvbp8.o
    \_ 2yg4dv1d94kszwaj.o
    \_ 1ejn9mrj9fci2y3i.o
    \_ k2cufxokmxv823v.o
    \_ y8k0zl6jab2x6g5.o
    \_ 2wj6bjq4wyl111uy.o
    \_ mjf1rzlfgx8tgjn.o
    \_ 3jc406pvnqu2pue0.o
    \_ 1ld14uherdlnd79t.o
    \_ 1c35jsuj9piacva8.o
    \_ 3l7aizsm1sqmmmqu.o
    \_ 16b0v5zbzm10d9lq.o
    \_ 38kz0efsnzfw7q4o.o
    \_ 1x2dlvxe9oi9p3og.o
    \_ lsov8zla2vpi1tz.o
    \_ 35wsjr917ehxjodu.o
    \_ 3hvh7johm2qvkoj8.o
    \_ query-cache.bin
    \_ 5f45teekmfct7ac2.o
    \_ 2bq9r386p1wwgcz9.o
    \_ dep-graph.bin
    \_ 5atn5ajdpaenhx40.o
    \_ 5cedg5qdf0zfhnlg.o
    \_ 4b32jbp0pjlz2rji.o
    \_ 36o443nt04sclut4.o
    \_ work-products.bin
    \_ 3ylgocae8k4fj9yg.o
    \_ 3s5ge3ah0aaiu2mi.o
    \_ 3ixwu4ercsyg1uf6.o
    \_ 5crz5j2cnhx6znff.o
    \_ s-gmcwas50y1-1wyzix6.lock
    \_ superls-1iop3l4ug1ood
        \_ s-gmcvozfsbp-117nxfe.lock
        \_ s-gmcvozfsbp-117nxfe-31lbne1dunegi
            \_ 36g8edvjwq50mvvs.o
            \_ 2omzlfgstloqdhqz.o
            \_ 1sg52mgxskaaqgb7.o
            \_ 1urd33t2v8bsrh2c.o
            \_ 3m5e79viq8op38t6.o
            \_ 4efzsqhr62zc52ru.o
            \_ 2bo8yw1tz36jimkj.o
            \_ 1v564km9a3dtw2vj.o
            \_ 3rf150cmxlfv8fwm.o
            \_ 53scm0qxby7ng7re.o
            \_ qvv3kmp0dan4oie.o
            \_ 1y9vgqn3a0wrways.o
            \_ 27j4k3y3gqo5gs32.o
            \_ 1apha6xcn8urjget.o
            \_ alsvwaq4rh27unr.o
            \_ 4s6dxjcpyfvd04ur.o
            \_ 1121mcswxspewwlk.o
            \_ 3nrlcbuzkxcnde9i.o
            \_ eywof2h11hibj3o.o
            \_ favc80mh9idljom.o
            \_ 4q45x2ignqah31vf.o
            \_ 2e4553l5gwna6e8e.o
            \_ query-cache.bin
            \_ 42fe98qlcxj2vkh7.o
            \_ 4k62u3qbhrxe02jn.o
            \_ dep-graph.bin
            \_ 4xuhvucuyaideq1m.o
            \_ work-products.bin
            \_ mkabk4xpfhdsbku.o
            \_ 3yz4jb78tgoyy0xl.o
            \_ 3g9s4o4qxlk8smm8.o
            \_ 1o5ous6gt0d8jaxm.o
            \_ lyln8unmx38lwbo.o
        \_ 36g8edvjwq50mvvs.o
        \_ 2omzlfgstloqdhqz.o
        \_ 1sg52mgxskaaqgb7.o
        \_ 1urd33t2v8bsrh2c.o
        \_ 3m5e79viq8op38t6.o
        \_ 4efzsqhr62zc52ru.o
        \_ 2bo8yw1tz36jimkj.o
        \_ 1v564km9a3dtw2vj.o
        \_ 3rf150cmxlfv8fwm.o
        \_ 53scm0qxby7ng7re.o
        \_ qvv3kmp0dan4oie.o
        \_ 1y9vgqn3a0wrways.o
        \_ 27j4k3y3gqo5gs32.o
        \_ 1apha6xcn8urjget.o
        \_ alsvwaq4rh27unr.o
        \_ 4s6dxjcpyfvd04ur.o
        \_ 1121mcswxspewwlk.o
        \_ 3nrlcbuzkxcnde9i.o
        \_ eywof2h11hibj3o.o
        \_ favc80mh9idljom.o
        \_ 4q45x2ignqah31vf.o
        \_ 2e4553l5gwna6e8e.o
        \_ query-cache.bin
        \_ 42fe98qlcxj2vkh7.o
        \_ 4k62u3qbhrxe02jn.o
        \_ dep-graph.bin
        \_ 4xuhvucuyaideq1m.o
        \_ work-products.bin
        \_ mkabk4xpfhdsbku.o
        \_ 3yz4jb78tgoyy0xl.o
        \_ 3g9s4o4qxlk8smm8.o
        \_ 1o5ous6gt0d8jaxm.o
        \_ lyln8unmx38lwbo.o
    \_ s-gmcvozfsbp-117nxfe.lock
    \_ s-gmcvozfsbp-117nxfe-31lbne1dunegi
        \_ 36g8edvjwq50mvvs.o
        \_ 2omzlfgstloqdhqz.o
        \_ 1sg52mgxskaaqgb7.o
        \_ 1urd33t2v8bsrh2c.o
        \_ 3m5e79viq8op38t6.o
        \_ 4efzsqhr62zc52ru.o
        \_ 2bo8yw1tz36jimkj.o
        \_ 1v564km9a3dtw2vj.o
        \_ 3rf150cmxlfv8fwm.o
        \_ 53scm0qxby7ng7re.o
        \_ qvv3kmp0dan4oie.o
        \_ 1y9vgqn3a0wrways.o
        \_ 27j4k3y3gqo5gs32.o
        \_ 1apha6xcn8urjget.o
        \_ alsvwaq4rh27unr.o
        \_ 4s6dxjcpyfvd04ur.o
        \_ 1121mcswxspewwlk.o
        \_ 3nrlcbuzkxcnde9i.o
        \_ eywof2h11hibj3o.o
        \_ favc80mh9idljom.o
        \_ 4q45x2ignqah31vf.o
        \_ 2e4553l5gwna6e8e.o
        \_ query-cache.bin
        \_ 42fe98qlcxj2vkh7.o
        \_ 4k62u3qbhrxe02jn.o
        \_ dep-graph.bin
        \_ 4xuhvucuyaideq1m.o
        \_ work-products.bin
        \_ mkabk4xpfhdsbku.o
        \_ 3yz4jb78tgoyy0xl.o
        \_ 3g9s4o4qxlk8smm8.o
        \_ 1o5ous6gt0d8jaxm.o
        \_ lyln8unmx38lwbo.o
    \_ 36g8edvjwq50mvvs.o
    \_ 2omzlfgstloqdhqz.o
    \_ 1sg52mgxskaaqgb7.o
    \_ 1urd33t2v8bsrh2c.o
    \_ 3m5e79viq8op38t6.o
    \_ 4efzsqhr62zc52ru.o
    \_ 2bo8yw1tz36jimkj.o
    \_ 1v564km9a3dtw2vj.o
    \_ 3rf150cmxlfv8fwm.o
    \_ 53scm0qxby7ng7re.o
    \_ qvv3kmp0dan4oie.o
    \_ 1y9vgqn3a0wrways.o
    \_ 27j4k3y3gqo5gs32.o
    \_ 1apha6xcn8urjget.o
    \_ alsvwaq4rh27unr.o
    \_ 4s6dxjcpyfvd04ur.o
    \_ 1121mcswxspewwlk.o
    \_ 3nrlcbuzkxcnde9i.o
    \_ eywof2h11hibj3o.o
    \_ favc80mh9idljom.o
    \_ 4q45x2ignqah31vf.o
    \_ 2e4553l5gwna6e8e.o
    \_ query-cache.bin
    \_ 42fe98qlcxj2vkh7.o
    \_ 4k62u3qbhrxe02jn.o
    \_ dep-graph.bin
    \_ 4xuhvucuyaideq1m.o
    \_ work-products.bin
    \_ mkabk4xpfhdsbku.o
    \_ 3yz4jb78tgoyy0xl.o
    \_ 3g9s4o4qxlk8smm8.o
    \_ 1o5ous6gt0d8jaxm.o
    \_ lyln8unmx38lwbo.o
    \_ superls
    \_ .cargo-lock
    \_ deps
        \_ indexmap-80b9e51973240026.d
        \_ superls-884dfdca56c8dd62.2yg4dv1d94kszwaj.rcgu.o
        \_ superls-ada9a9a6bf5676eb.27j4k3y3gqo5gs32.rcgu.o
        \_ superls-884dfdca56c8dd62.3ylgocae8k4fj9yg.rcgu.o
        \_ libtermcolor-247b05a6efe8825d.rlib
        \_ libbitflags-eba7813632a4a416.rmeta
        \_ superls-884dfdca56c8dd62.mae357i4ex0ifvj.rcgu.o
        \_ textwrap-031d0c816c89c518.d
        \_ superls-884dfdca56c8dd62.3lig3q2alp1wvbp8.rcgu.o
        \_ superls-884dfdca56c8dd62.1x2dlvxe9oi9p3og.rcgu.o
        \_ superls-884dfdca56c8dd62.k2cufxokmxv823v.rcgu.o
        \_ superls-884dfdca56c8dd62.4b32jbp0pjlz2rji.rcgu.o
        \_ superls-ada9a9a6bf5676eb.d
        \_ bitflags-eba7813632a4a416.d
        \_ superls-884dfdca56c8dd62.1ejn9mrj9fci2y3i.rcgu.o
        \_ superls-884dfdca56c8dd62.3l7aizsm1sqmmmqu.rcgu.o
        \_ superls-ada9a9a6bf5676eb.1urd33t2v8bsrh2c.rcgu.o
        \_ superls-ada9a9a6bf5676eb
        \_ superls-884dfdca56c8dd62.3jc406pvnqu2pue0.rcgu.o
        \_ libhashbrown-0e8bf12d0caa6f0e.rlib
        \_ superls-ada9a9a6bf5676eb.36g8edvjwq50mvvs.rcgu.o
        \_ superls-ada9a9a6bf5676eb.lyln8unmx38lwbo.rcgu.o
        \_ libtermcolor-247b05a6efe8825d.rmeta
        \_ libautocfg-3d51c1c2a690d46c.rmeta
        \_ libsame_file-8d1365809c63e053.rmeta
        \_ superls-ada9a9a6bf5676eb.4q45x2ignqah31vf.rcgu.o
        \_ libsame_file-8d1365809c63e053.rlib
        \_ superls-ada9a9a6bf5676eb.2e4553l5gwna6e8e.rcgu.o
        \_ superls-884dfdca56c8dd62.16b0v5zbzm10d9lq.rcgu.o
        \_ superls-884dfdca56c8dd62.3hvh7johm2qvkoj8.rcgu.o
        \_ libtextwrap-031d0c816c89c518.rlib
        \_ superls-884dfdca56c8dd62.5f45teekmfct7ac2.rcgu.o
        \_ superls-ada9a9a6bf5676eb.qvv3kmp0dan4oie.rcgu.o
        \_ superls-ada9a9a6bf5676eb.3m5e79viq8op38t6.rcgu.o
        \_ termcolor-247b05a6efe8825d.d
        \_ libatty-a30cdc5bd3209dd0.rmeta
        \_ libindexmap-80b9e51973240026.rlib
        \_ superls-884dfdca56c8dd62.5crz5j2cnhx6znff.rcgu.o
        \_ hashbrown-0e8bf12d0caa6f0e.d
        \_ superls-884dfdca56c8dd62.2bq9r386p1wwgcz9.rcgu.o
        \_ libstrsim-79503060772d5670.rlib
        \_ liblibc-b6827b76bee655e1.rlib
        \_ superls-ada9a9a6bf5676eb.1o5ous6gt0d8jaxm.rcgu.o
        \_ os_str_bytes-81bc0e41f14e36f2.d
        \_ superls-884dfdca56c8dd62.1c35jsuj9piacva8.rcgu.o
        \_ superls-ada9a9a6bf5676eb.3yz4jb78tgoyy0xl.rcgu.o
        \_ autocfg-3d51c1c2a690d46c.d
        \_ libwalkdir-2946abd5cec24b0b.rmeta
        \_ superls-ada9a9a6bf5676eb.mkabk4xpfhdsbku.rcgu.o
        \_ superls-ada9a9a6bf5676eb.2omzlfgstloqdhqz.rcgu.o
        \_ libstrsim-79503060772d5670.rmeta
        \_ superls-ada9a9a6bf5676eb.1sg52mgxskaaqgb7.rcgu.o
        \_ libos_str_bytes-81bc0e41f14e36f2.rlib
        \_ superls-ada9a9a6bf5676eb.eywof2h11hibj3o.rcgu.o
        \_ libatty-a30cdc5bd3209dd0.rlib
        \_ superls-ada9a9a6bf5676eb.1apha6xcn8urjget.rcgu.o
        \_ superls-884dfdca56c8dd62.4bkzm2vyysfq2b0p.rcgu.o
        \_ superls-ada9a9a6bf5676eb.favc80mh9idljom.rcgu.o
        \_ libclap-1a4ee165c9630a06.rmeta
        \_ superls-884dfdca56c8dd62.nqelr1ip4eonck3.rcgu.o
        \_ strsim-79503060772d5670.d
        \_ libhashbrown-0e8bf12d0caa6f0e.rmeta
        \_ superls-ada9a9a6bf5676eb.4xuhvucuyaideq1m.rcgu.o
        \_ superls-884dfdca56c8dd62.3ixwu4ercsyg1uf6.rcgu.o
        \_ libclap-1a4ee165c9630a06.rlib
        \_ superls-884dfdca56c8dd62.3s5ge3ah0aaiu2mi.rcgu.o
        \_ superls-884dfdca56c8dd62.5cedg5qdf0zfhnlg.rcgu.o
        \_ superls-884dfdca56c8dd62.d
        \_ superls-884dfdca56c8dd62.38kz0efsnzfw7q4o.rcgu.o
        \_ libwalkdir-2946abd5cec24b0b.rlib
        \_ libclap_lex-4387cc15af9e48c5.rlib
        \_ superls-ada9a9a6bf5676eb.3nrlcbuzkxcnde9i.rcgu.o
        \_ superls-ada9a9a6bf5676eb.4s6dxjcpyfvd04ur.rcgu.o
        \_ same_file-8d1365809c63e053.d
        \_ superls-ada9a9a6bf5676eb.2bo8yw1tz36jimkj.rcgu.o
        \_ libtextwrap-031d0c816c89c518.rmeta
        \_ superls-ada9a9a6bf5676eb.53scm0qxby7ng7re.rcgu.o
        \_ liblibc-b6827b76bee655e1.rmeta
        \_ superls-884dfdca56c8dd62.36o443nt04sclut4.rcgu.o
        \_ superls-ada9a9a6bf5676eb.4k62u3qbhrxe02jn.rcgu.o
        \_ libos_str_bytes-81bc0e41f14e36f2.rmeta
        \_ libbitflags-eba7813632a4a416.rlib
        \_ atty-a30cdc5bd3209dd0.d
        \_ superls-ada9a9a6bf5676eb.4efzsqhr62zc52ru.rcgu.o
        \_ libclap_lex-4387cc15af9e48c5.rmeta
        \_ libautocfg-3d51c1c2a690d46c.rlib
        \_ superls-ada9a9a6bf5676eb.1121mcswxspewwlk.rcgu.o
        \_ superls-ada9a9a6bf5676eb.alsvwaq4rh27unr.rcgu.o
        \_ superls-ada9a9a6bf5676eb.3rf150cmxlfv8fwm.rcgu.o
        \_ superls-884dfdca56c8dd62.lsov8zla2vpi1tz.rcgu.o
        \_ walkdir-2946abd5cec24b0b.d
        \_ libc-b6827b76bee655e1.d
        \_ superls-884dfdca56c8dd62.5atn5ajdpaenhx40.rcgu.o
        \_ superls-ada9a9a6bf5676eb.1y9vgqn3a0wrways.rcgu.o
        \_ libindexmap-80b9e51973240026.rmeta
        \_ superls-ada9a9a6bf5676eb.3g9s4o4qxlk8smm8.rcgu.o
        \_ clap-1a4ee165c9630a06.d
        \_ superls-ada9a9a6bf5676eb.42fe98qlcxj2vkh7.rcgu.o
        \_ clap_lex-4387cc15af9e48c5.d
        \_ superls-884dfdca56c8dd62.1ld14uherdlnd79t.rcgu.o
        \_ superls-884dfdca56c8dd62
        \_ superls-884dfdca56c8dd62.35wsjr917ehxjodu.rcgu.o
        \_ superls-ada9a9a6bf5676eb.4drmb29ha793bh7u.rcgu.o
        \_ superls-884dfdca56c8dd62.2wj6bjq4wyl111uy.rcgu.o
        \_ superls-884dfdca56c8dd62.mjf1rzlfgx8tgjn.rcgu.o
        \_ superls-884dfdca56c8dd62.y8k0zl6jab2x6g5.rcgu.o
        \_ superls-ada9a9a6bf5676eb.1v564km9a3dtw2vj.rcgu.o
    \_ indexmap-80b9e51973240026.d
    \_ superls-884dfdca56c8dd62.2yg4dv1d94kszwaj.rcgu.o
    \_ superls-ada9a9a6bf5676eb.27j4k3y3gqo5gs32.rcgu.o
    \_ superls-884dfdca56c8dd62.3ylgocae8k4fj9yg.rcgu.o
    \_ libtermcolor-247b05a6efe8825d.rlib
    \_ libbitflags-eba7813632a4a416.rmeta
    \_ superls-884dfdca56c8dd62.mae357i4ex0ifvj.rcgu.o
    \_ textwrap-031d0c816c89c518.d
    \_ superls-884dfdca56c8dd62.3lig3q2alp1wvbp8.rcgu.o
    \_ superls-884dfdca56c8dd62.1x2dlvxe9oi9p3og.rcgu.o
    \_ superls-884dfdca56c8dd62.k2cufxokmxv823v.rcgu.o
    \_ superls-884dfdca56c8dd62.4b32jbp0pjlz2rji.rcgu.o
    \_ superls-ada9a9a6bf5676eb.d
    \_ bitflags-eba7813632a4a416.d
    \_ superls-884dfdca56c8dd62.1ejn9mrj9fci2y3i.rcgu.o
    \_ superls-884dfdca56c8dd62.3l7aizsm1sqmmmqu.rcgu.o
    \_ superls-ada9a9a6bf5676eb.1urd33t2v8bsrh2c.rcgu.o
    \_ superls-ada9a9a6bf5676eb
    \_ superls-884dfdca56c8dd62.3jc406pvnqu2pue0.rcgu.o
    \_ libhashbrown-0e8bf12d0caa6f0e.rlib
    \_ superls-ada9a9a6bf5676eb.36g8edvjwq50mvvs.rcgu.o
    \_ superls-ada9a9a6bf5676eb.lyln8unmx38lwbo.rcgu.o
    \_ libtermcolor-247b05a6efe8825d.rmeta
    \_ libautocfg-3d51c1c2a690d46c.rmeta
    \_ libsame_file-8d1365809c63e053.rmeta
    \_ superls-ada9a9a6bf5676eb.4q45x2ignqah31vf.rcgu.o
    \_ libsame_file-8d1365809c63e053.rlib
    \_ superls-ada9a9a6bf5676eb.2e4553l5gwna6e8e.rcgu.o
    \_ superls-884dfdca56c8dd62.16b0v5zbzm10d9lq.rcgu.o
    \_ superls-884dfdca56c8dd62.3hvh7johm2qvkoj8.rcgu.o
    \_ libtextwrap-031d0c816c89c518.rlib
    \_ superls-884dfdca56c8dd62.5f45teekmfct7ac2.rcgu.o
    \_ superls-ada9a9a6bf5676eb.qvv3kmp0dan4oie.rcgu.o
    \_ superls-ada9a9a6bf5676eb.3m5e79viq8op38t6.rcgu.o
    \_ termcolor-247b05a6efe8825d.d
    \_ libatty-a30cdc5bd3209dd0.rmeta
    \_ libindexmap-80b9e51973240026.rlib
    \_ superls-884dfdca56c8dd62.5crz5j2cnhx6znff.rcgu.o
    \_ hashbrown-0e8bf12d0caa6f0e.d
    \_ superls-884dfdca56c8dd62.2bq9r386p1wwgcz9.rcgu.o
    \_ libstrsim-79503060772d5670.rlib
    \_ liblibc-b6827b76bee655e1.rlib
    \_ superls-ada9a9a6bf5676eb.1o5ous6gt0d8jaxm.rcgu.o
    \_ os_str_bytes-81bc0e41f14e36f2.d
    \_ superls-884dfdca56c8dd62.1c35jsuj9piacva8.rcgu.o
    \_ superls-ada9a9a6bf5676eb.3yz4jb78tgoyy0xl.rcgu.o
    \_ autocfg-3d51c1c2a690d46c.d
    \_ libwalkdir-2946abd5cec24b0b.rmeta
    \_ superls-ada9a9a6bf5676eb.mkabk4xpfhdsbku.rcgu.o
    \_ superls-ada9a9a6bf5676eb.2omzlfgstloqdhqz.rcgu.o
    \_ libstrsim-79503060772d5670.rmeta
    \_ superls-ada9a9a6bf5676eb.1sg52mgxskaaqgb7.rcgu.o
    \_ libos_str_bytes-81bc0e41f14e36f2.rlib
    \_ superls-ada9a9a6bf5676eb.eywof2h11hibj3o.rcgu.o
    \_ libatty-a30cdc5bd3209dd0.rlib
    \_ superls-ada9a9a6bf5676eb.1apha6xcn8urjget.rcgu.o
    \_ superls-884dfdca56c8dd62.4bkzm2vyysfq2b0p.rcgu.o
    \_ superls-ada9a9a6bf5676eb.favc80mh9idljom.rcgu.o
    \_ libclap-1a4ee165c9630a06.rmeta
    \_ superls-884dfdca56c8dd62.nqelr1ip4eonck3.rcgu.o
    \_ strsim-79503060772d5670.d
    \_ libhashbrown-0e8bf12d0caa6f0e.rmeta
    \_ superls-ada9a9a6bf5676eb.4xuhvucuyaideq1m.rcgu.o
    \_ superls-884dfdca56c8dd62.3ixwu4ercsyg1uf6.rcgu.o
    \_ libclap-1a4ee165c9630a06.rlib
    \_ superls-884dfdca56c8dd62.3s5ge3ah0aaiu2mi.rcgu.o
    \_ superls-884dfdca56c8dd62.5cedg5qdf0zfhnlg.rcgu.o
    \_ superls-884dfdca56c8dd62.d
    \_ superls-884dfdca56c8dd62.38kz0efsnzfw7q4o.rcgu.o
    \_ libwalkdir-2946abd5cec24b0b.rlib
    \_ libclap_lex-4387cc15af9e48c5.rlib
    \_ superls-ada9a9a6bf5676eb.3nrlcbuzkxcnde9i.rcgu.o
    \_ superls-ada9a9a6bf5676eb.4s6dxjcpyfvd04ur.rcgu.o
    \_ same_file-8d1365809c63e053.d
    \_ superls-ada9a9a6bf5676eb.2bo8yw1tz36jimkj.rcgu.o
    \_ libtextwrap-031d0c816c89c518.rmeta
    \_ superls-ada9a9a6bf5676eb.53scm0qxby7ng7re.rcgu.o
    \_ liblibc-b6827b76bee655e1.rmeta
    \_ superls-884dfdca56c8dd62.36o443nt04sclut4.rcgu.o
    \_ superls-ada9a9a6bf5676eb.4k62u3qbhrxe02jn.rcgu.o
    \_ libos_str_bytes-81bc0e41f14e36f2.rmeta
    \_ libbitflags-eba7813632a4a416.rlib
    \_ atty-a30cdc5bd3209dd0.d
    \_ superls-ada9a9a6bf5676eb.4efzsqhr62zc52ru.rcgu.o
    \_ libclap_lex-4387cc15af9e48c5.rmeta
    \_ libautocfg-3d51c1c2a690d46c.rlib
    \_ superls-ada9a9a6bf5676eb.1121mcswxspewwlk.rcgu.o
    \_ superls-ada9a9a6bf5676eb.alsvwaq4rh27unr.rcgu.o
    \_ superls-ada9a9a6bf5676eb.3rf150cmxlfv8fwm.rcgu.o
    \_ superls-884dfdca56c8dd62.lsov8zla2vpi1tz.rcgu.o
    \_ walkdir-2946abd5cec24b0b.d
    \_ libc-b6827b76bee655e1.d
    \_ superls-884dfdca56c8dd62.5atn5ajdpaenhx40.rcgu.o
    \_ superls-ada9a9a6bf5676eb.1y9vgqn3a0wrways.rcgu.o
    \_ libindexmap-80b9e51973240026.rmeta
    \_ superls-ada9a9a6bf5676eb.3g9s4o4qxlk8smm8.rcgu.o
    \_ clap-1a4ee165c9630a06.d
    \_ superls-ada9a9a6bf5676eb.42fe98qlcxj2vkh7.rcgu.o
    \_ clap_lex-4387cc15af9e48c5.d
    \_ superls-884dfdca56c8dd62.1ld14uherdlnd79t.rcgu.o
    \_ superls-884dfdca56c8dd62
    \_ superls-884dfdca56c8dd62.35wsjr917ehxjodu.rcgu.o
    \_ superls-ada9a9a6bf5676eb.4drmb29ha793bh7u.rcgu.o
    \_ superls-884dfdca56c8dd62.2wj6bjq4wyl111uy.rcgu.o
    \_ superls-884dfdca56c8dd62.mjf1rzlfgx8tgjn.rcgu.o
    \_ superls-884dfdca56c8dd62.y8k0zl6jab2x6g5.rcgu.o
    \_ superls-ada9a9a6bf5676eb.1v564km9a3dtw2vj.rcgu.o
    \_ build
        \_ indexmap-22b370183d110ca2
            \_ build_script_build-22b370183d110ca2.build_script_build.65b62aac-cgu.2.rcgu.o
            \_ build_script_build-22b370183d110ca2.build_script_build.65b62aac-cgu.0.rcgu.o
            \_ build_script_build-22b370183d110ca2.build_script_build.65b62aac-cgu.4.rcgu.o
            \_ build_script_build-22b370183d110ca2.build_script_build.65b62aac-cgu.3.rcgu.o
            \_ build_script_build-22b370183d110ca2.d
            \_ build_script_build-22b370183d110ca2.build_script_build.65b62aac-cgu.1.rcgu.o
            \_ build_script_build-22b370183d110ca2
            \_ build-script-build
        \_ build_script_build-22b370183d110ca2.build_script_build.65b62aac-cgu.2.rcgu.o
        \_ build_script_build-22b370183d110ca2.build_script_build.65b62aac-cgu.0.rcgu.o
        \_ build_script_build-22b370183d110ca2.build_script_build.65b62aac-cgu.4.rcgu.o
        \_ build_script_build-22b370183d110ca2.build_script_build.65b62aac-cgu.3.rcgu.o
        \_ build_script_build-22b370183d110ca2.d
        \_ build_script_build-22b370183d110ca2.build_script_build.65b62aac-cgu.1.rcgu.o
        \_ build_script_build-22b370183d110ca2
        \_ build-script-build
        \_ libc-40224dfa8949a2e0
            \_ stderr
            \_ output
            \_ root-output
            \_ invoked.timestamp
        \_ stderr
        \_ output
        \_ root-output
        \_ invoked.timestamp
        \_ indexmap-ee669813a35a9334
            \_ stderr
            \_ output
            \_ root-output
            \_ invoked.timestamp
        \_ stderr
        \_ output
        \_ root-output
        \_ invoked.timestamp
        \_ libc-b0676b6fffac1fa0
            \_ build_script_build-b0676b6fffac1fa0.build_script_build.026868e2-cgu.13.rcgu.o
            \_ build_script_build-b0676b6fffac1fa0.build_script_build.026868e2-cgu.9.rcgu.o
            \_ build_script_build-b0676b6fffac1fa0.build_script_build.026868e2-cgu.5.rcgu.o
            \_ build_script_build-b0676b6fffac1fa0.build_script_build.026868e2-cgu.7.rcgu.o
            \_ build_script_build-b0676b6fffac1fa0.build_script_build.026868e2-cgu.11.rcgu.o
            \_ build_script_build-b0676b6fffac1fa0.build_script_build.026868e2-cgu.3.rcgu.o
            \_ build_script_build-b0676b6fffac1fa0.build_script_build.026868e2-cgu.15.rcgu.o
            \_ build_script_build-b0676b6fffac1fa0.build_script_build.026868e2-cgu.1.rcgu.o
            \_ build_script_build-b0676b6fffac1fa0.build_script_build.026868e2-cgu.8.rcgu.o
            \_ build_script_build-b0676b6fffac1fa0.build_script_build.026868e2-cgu.4.rcgu.o
            \_ build_script_build-b0676b6fffac1fa0.build_script_build.026868e2-cgu.12.rcgu.o
            \_ build_script_build-b0676b6fffac1fa0.build_script_build.026868e2-cgu.10.rcgu.o
            \_ build_script_build-b0676b6fffac1fa0.build_script_build.026868e2-cgu.6.rcgu.o
            \_ build_script_build-b0676b6fffac1fa0.build_script_build.026868e2-cgu.14.rcgu.o
            \_ build_script_build-b0676b6fffac1fa0.d
            \_ build_script_build-b0676b6fffac1fa0.build_script_build.026868e2-cgu.2.rcgu.o
            \_ build_script_build-b0676b6fffac1fa0.build_script_build.026868e2-cgu.0.rcgu.o
            \_ build-script-build
            \_ build_script_build-b0676b6fffac1fa0
        \_ build_script_build-b0676b6fffac1fa0.build_script_build.026868e2-cgu.13.rcgu.o
        \_ build_script_build-b0676b6fffac1fa0.build_script_build.026868e2-cgu.9.rcgu.o
        \_ build_script_build-b0676b6fffac1fa0.build_script_build.026868e2-cgu.5.rcgu.o
        \_ build_script_build-b0676b6fffac1fa0.build_script_build.026868e2-cgu.7.rcgu.o
        \_ build_script_build-b0676b6fffac1fa0.build_script_build.026868e2-cgu.11.rcgu.o
        \_ build_script_build-b0676b6fffac1fa0.build_script_build.026868e2-cgu.3.rcgu.o
        \_ build_script_build-b0676b6fffac1fa0.build_script_build.026868e2-cgu.15.rcgu.o
        \_ build_script_build-b0676b6fffac1fa0.build_script_build.026868e2-cgu.1.rcgu.o
        \_ build_script_build-b0676b6fffac1fa0.build_script_build.026868e2-cgu.8.rcgu.o
        \_ build_script_build-b0676b6fffac1fa0.build_script_build.026868e2-cgu.4.rcgu.o
        \_ build_script_build-b0676b6fffac1fa0.build_script_build.026868e2-cgu.12.rcgu.o
        \_ build_script_build-b0676b6fffac1fa0.build_script_build.026868e2-cgu.10.rcgu.o
        \_ build_script_build-b0676b6fffac1fa0.build_script_build.026868e2-cgu.6.rcgu.o
        \_ build_script_build-b0676b6fffac1fa0.build_script_build.026868e2-cgu.14.rcgu.o
        \_ build_script_build-b0676b6fffac1fa0.d
        \_ build_script_build-b0676b6fffac1fa0.build_script_build.026868e2-cgu.2.rcgu.o
        \_ build_script_build-b0676b6fffac1fa0.build_script_build.026868e2-cgu.0.rcgu.o
        \_ build-script-build
        \_ build_script_build-b0676b6fffac1fa0
    \_ indexmap-22b370183d110ca2
        \_ build_script_build-22b370183d110ca2.build_script_build.65b62aac-cgu.2.rcgu.o
        \_ build_script_build-22b370183d110ca2.build_script_build.65b62aac-cgu.0.rcgu.o
        \_ build_script_build-22b370183d110ca2.build_script_build.65b62aac-cgu.4.rcgu.o
        \_ build_script_build-22b370183d110ca2.build_script_build.65b62aac-cgu.3.rcgu.o
        \_ build_script_build-22b370183d110ca2.d
        \_ build_script_build-22b370183d110ca2.build_script_build.65b62aac-cgu.1.rcgu.o
        \_ build_script_build-22b370183d110ca2
        \_ build-script-build
    \_ build_script_build-22b370183d110ca2.build_script_build.65b62aac-cgu.2.rcgu.o
    \_ build_script_build-22b370183d110ca2.build_script_build.65b62aac-cgu.0.rcgu.o
    \_ build_script_build-22b370183d110ca2.build_script_build.65b62aac-cgu.4.rcgu.o
    \_ build_script_build-22b370183d110ca2.build_script_build.65b62aac-cgu.3.rcgu.o
    \_ build_script_build-22b370183d110ca2.d
    \_ build_script_build-22b370183d110ca2.build_script_build.65b62aac-cgu.1.rcgu.o
    \_ build_script_build-22b370183d110ca2
    \_ build-script-build
    \_ libc-40224dfa8949a2e0
        \_ stderr
        \_ output
        \_ root-output
        \_ invoked.timestamp
    \_ stderr
    \_ output
    \_ root-output
    \_ invoked.timestamp
    \_ indexmap-ee669813a35a9334
        \_ stderr
        \_ output
        \_ root-output
        \_ invoked.timestamp
    \_ stderr
    \_ output
    \_ root-output
    \_ invoked.timestamp
    \_ libc-b0676b6fffac1fa0
        \_ build_script_build-b0676b6fffac1fa0.build_script_build.026868e2-cgu.13.rcgu.o
        \_ build_script_build-b0676b6fffac1fa0.build_script_build.026868e2-cgu.9.rcgu.o
        \_ build_script_build-b0676b6fffac1fa0.build_script_build.026868e2-cgu.5.rcgu.o
        \_ build_script_build-b0676b6fffac1fa0.build_script_build.026868e2-cgu.7.rcgu.o
        \_ build_script_build-b0676b6fffac1fa0.build_script_build.026868e2-cgu.11.rcgu.o
        \_ build_script_build-b0676b6fffac1fa0.build_script_build.026868e2-cgu.3.rcgu.o
        \_ build_script_build-b0676b6fffac1fa0.build_script_build.026868e2-cgu.15.rcgu.o
        \_ build_script_build-b0676b6fffac1fa0.build_script_build.026868e2-cgu.1.rcgu.o
        \_ build_script_build-b0676b6fffac1fa0.build_script_build.026868e2-cgu.8.rcgu.o
        \_ build_script_build-b0676b6fffac1fa0.build_script_build.026868e2-cgu.4.rcgu.o
        \_ build_script_build-b0676b6fffac1fa0.build_script_build.026868e2-cgu.12.rcgu.o
        \_ build_script_build-b0676b6fffac1fa0.build_script_build.026868e2-cgu.10.rcgu.o
        \_ build_script_build-b0676b6fffac1fa0.build_script_build.026868e2-cgu.6.rcgu.o
        \_ build_script_build-b0676b6fffac1fa0.build_script_build.026868e2-cgu.14.rcgu.o
        \_ build_script_build-b0676b6fffac1fa0.d
        \_ build_script_build-b0676b6fffac1fa0.build_script_build.026868e2-cgu.2.rcgu.o
        \_ build_script_build-b0676b6fffac1fa0.build_script_build.026868e2-cgu.0.rcgu.o
        \_ build-script-build
        \_ build_script_build-b0676b6fffac1fa0
    \_ build_script_build-b0676b6fffac1fa0.build_script_build.026868e2-cgu.13.rcgu.o
    \_ build_script_build-b0676b6fffac1fa0.build_script_build.026868e2-cgu.9.rcgu.o
    \_ build_script_build-b0676b6fffac1fa0.build_script_build.026868e2-cgu.5.rcgu.o
    \_ build_script_build-b0676b6fffac1fa0.build_script_build.026868e2-cgu.7.rcgu.o
    \_ build_script_build-b0676b6fffac1fa0.build_script_build.026868e2-cgu.11.rcgu.o
    \_ build_script_build-b0676b6fffac1fa0.build_script_build.026868e2-cgu.3.rcgu.o
    \_ build_script_build-b0676b6fffac1fa0.build_script_build.026868e2-cgu.15.rcgu.o
    \_ build_script_build-b0676b6fffac1fa0.build_script_build.026868e2-cgu.1.rcgu.o
    \_ build_script_build-b0676b6fffac1fa0.build_script_build.026868e2-cgu.8.rcgu.o
    \_ build_script_build-b0676b6fffac1fa0.build_script_build.026868e2-cgu.4.rcgu.o
    \_ build_script_build-b0676b6fffac1fa0.build_script_build.026868e2-cgu.12.rcgu.o
    \_ build_script_build-b0676b6fffac1fa0.build_script_build.026868e2-cgu.10.rcgu.o
    \_ build_script_build-b0676b6fffac1fa0.build_script_build.026868e2-cgu.6.rcgu.o
    \_ build_script_build-b0676b6fffac1fa0.build_script_build.026868e2-cgu.14.rcgu.o
    \_ build_script_build-b0676b6fffac1fa0.d
    \_ build_script_build-b0676b6fffac1fa0.build_script_build.026868e2-cgu.2.rcgu.o
    \_ build_script_build-b0676b6fffac1fa0.build_script_build.026868e2-cgu.0.rcgu.o
    \_ build-script-build
    \_ build_script_build-b0676b6fffac1fa0
    \_ Cargo.lock
    \_ .gitignore
    \_ out.log
    \_ .git
        \_ config
        \_ HEAD
        \_ info
            \_ exclude
        \_ exclude
        \_ description
        \_ hooks
            \_ README.sample
        \_ README.sample
    \_ config
    \_ HEAD
    \_ info
        \_ exclude
    \_ exclude
    \_ description
    \_ hooks
        \_ README.sample
    \_ README.sample
    \_ src
        \_ main.rs
    \_ main.rs
